# JRE version: Java(TM) SE Runtime Environment (17.0.12+8) (build 17.0.12+8-LTS-286)
# Java VM: Java HotSpot(TM) 64-Bit Server VM (17.0.12+8-LTS-286, mixed mode, sharing, tiered, compressed oops, compressed class ptrs, g1 gc, windows-amd64)
GC Precious Log:
 CPUs: 8 total, 8 available
 Memory: 16260M
 Large Page Support: Disabled
 NUMA Support: Disabled
 Compressed Oops: Enabled (32-bit)
 Heap Region Size: 1M
 Heap Min Capacity: 256M
 Heap Initial Capacity: 256M
 Heap Max Capacity: 512M
 Pre-touch: Disabled
 Parallel Workers: 8
 Concurrent Workers: 2
 Concurrent Refinement Workers: 8
 Periodic GC: Disabled
Heap:
 garbage-first heap   total 262144K, used 150800K [0x00000000e0000000, 0x0000000100000000)
  region size 1024K, 84 young (86016K), 6 survivors (6144K)
 Metaspace       used 77628K, committed 78720K, reserved 458752K
  class space    used 10563K, committed 11072K, reserved 327680K
GC Heap History (20 events):
Event: 8.233 GC heap before
{Heap before GC invocations=7 (full 0):
 garbage-first heap   total 262144K, used 175428K [0x00000000e0000000, 0x0000000100000000)
  region size 1024K, 153 young (156672K), 13 survivors (13312K)
 Metaspace       used 52652K, committed 53312K, reserved 393216K
  class space    used 7518K, committed 7808K, reserved 327680K
}
Event: 8.255 GC heap after
{Heap after GC invocations=8 (full 0):
 garbage-first heap   total 262144K, used 41148K [0x00000000e0000000, 0x0000000100000000)
  region size 1024K, 17 young (17408K), 17 survivors (17408K)
 Metaspace       used 52652K, committed 53312K, reserved 393216K
  class space    used 7518K, committed 7808K, reserved 327680K
}
Event: 10.334 GC heap before
{Heap before GC invocations=8 (full 0):
 garbage-first heap   total 262144K, used 171196K [0x00000000e0000000, 0x0000000100000000)
  region size 1024K, 145 young (148480K), 17 survivors (17408K)
 Metaspace       used 59541K, committed 60288K, reserved 393216K
  class space    used 8452K, committed 8832K, reserved 327680K
}
Event: 10.356 GC heap after
{Heap after GC invocations=9 (full 0):
 garbage-first heap   total 262144K, used 52042K [0x00000000e0000000, 0x0000000100000000)
  region size 1024K, 20 young (20480K), 20 survivors (20480K)
 Metaspace       used 59541K, committed 60288K, reserved 393216K
  class space    used 8452K, committed 8832K, reserved 327680K
}
Event: 11.629 GC heap before
{Heap before GC invocations=10 (full 0):
 garbage-first heap   total 262144K, used 188234K [0x00000000e0000000, 0x0000000100000000)
  region size 1024K, 153 young (156672K), 20 survivors (20480K)
 Metaspace       used 62318K, committed 63104K, reserved 393216K
  class space    used 8887K, committed 9216K, reserved 327680K
}
Event: 11.658 GC heap after
{Heap after GC invocations=11 (full 0):
 garbage-first heap   total 262144K, used 65938K [0x00000000e0000000, 0x0000000100000000)
  region size 1024K, 15 young (15360K), 15 survivors (15360K)
 Metaspace       used 62318K, committed 63104K, reserved 393216K
  class space    used 8887K, committed 9216K, reserved 327680K
}
Event: 44.448 GC heap before
{Heap before GC invocations=11 (full 0):
 garbage-first heap   total 262144K, used 200082K [0x00000000e0000000, 0x0000000100000000)
  region size 1024K, 146 young (149504K), 15 survivors (15360K)
 Metaspace       used 74447K, committed 75328K, reserved 393216K
  class space    used 10416K, committed 10816K, reserved 327680K
}
Event: 44.469 GC heap after
{Heap after GC invocations=12 (full 0):
 garbage-first heap   total 262144K, used 73510K [0x00000000e0000000, 0x0000000100000000)
  region size 1024K, 10 young (10240K), 10 survivors (10240K)
 Metaspace       used 74447K, committed 75328K, reserved 393216K
  class space    used 10416K, committed 10816K, reserved 327680K
}
Event: 187.146 GC heap before
{Heap before GC invocations=12 (full 0):
 garbage-first heap   total 262144K, used 201510K [0x00000000e0000000, 0x0000000100000000)
  region size 1024K, 136 young (139264K), 10 survivors (10240K)
 Metaspace       used 75492K, committed 76352K, reserved 458752K
  class space    used 10429K, committed 10816K, reserved 327680K
}
Event: 187.154 GC heap after
{Heap after GC invocations=13 (full 0):
 garbage-first heap   total 262144K, used 70910K [0x00000000e0000000, 0x0000000100000000)
  region size 1024K, 8 young (8192K), 8 survivors (8192K)
 Metaspace       used 75492K, committed 76352K, reserved 458752K
  class space    used 10429K, committed 10816K, reserved 327680K
}
Event: 324.072 GC heap before
{Heap before GC invocations=13 (full 0):
 garbage-first heap   total 262144K, used 205054K [0x00000000e0000000, 0x0000000100000000)
  region size 1024K, 140 young (143360K), 8 survivors (8192K)
 Metaspace       used 76009K, committed 76928K, reserved 458752K
  class space    used 10437K, committed 10880K, reserved 327680K
}
Event: 324.079 GC heap after
{Heap after GC invocations=14 (full 0):
 garbage-first heap   total 262144K, used 71596K [0x00000000e0000000, 0x0000000100000000)
  region size 1024K, 9 young (9216K), 9 survivors (9216K)
 Metaspace       used 76009K, committed 76928K, reserved 458752K
  class space    used 10437K, committed 10880K, reserved 327680K
}
Event: 442.668 GC heap before
{Heap before GC invocations=14 (full 0):
 garbage-first heap   total 262144K, used 207788K [0x00000000e0000000, 0x0000000100000000)
  region size 1024K, 143 young (146432K), 9 survivors (9216K)
 Metaspace       used 76476K, committed 77440K, reserved 458752K
  class space    used 10460K, committed 10880K, reserved 327680K
}
Event: 442.675 GC heap after
{Heap after GC invocations=15 (full 0):
 garbage-first heap   total 262144K, used 73664K [0x00000000e0000000, 0x0000000100000000)
  region size 1024K, 11 young (11264K), 11 survivors (11264K)
 Metaspace       used 76476K, committed 77440K, reserved 458752K
  class space    used 10460K, committed 10880K, reserved 327680K
}
Event: 445.714 GC heap before
{Heap before GC invocations=15 (full 0):
 garbage-first heap   total 262144K, used 208832K [0x00000000e0000000, 0x0000000100000000)
  region size 1024K, 143 young (146432K), 11 survivors (11264K)
 Metaspace       used 76931K, committed 77952K, reserved 458752K
  class space    used 10504K, committed 11008K, reserved 327680K
}
Event: 445.723 GC heap after
{Heap after GC invocations=16 (full 0):
 garbage-first heap   total 262144K, used 76170K [0x00000000e0000000, 0x0000000100000000)
  region size 1024K, 10 young (10240K), 10 survivors (10240K)
 Metaspace       used 76931K, committed 77952K, reserved 458752K
  class space    used 10504K, committed 11008K, reserved 327680K
}
Event: 652.689 GC heap before
{Heap before GC invocations=16 (full 0):
 garbage-first heap   total 262144K, used 207242K [0x00000000e0000000, 0x0000000100000000)
  region size 1024K, 139 young (142336K), 10 survivors (10240K)
 Metaspace       used 77178K, committed 78208K, reserved 458752K
  class space    used 10516K, committed 11008K, reserved 327680K
}
Event: 652.692 GC heap after
{Heap after GC invocations=17 (full 0):
 garbage-first heap   total 262144K, used 69501K [0x00000000e0000000, 0x0000000100000000)
  region size 1024K, 3 young (3072K), 3 survivors (3072K)
 Metaspace       used 77178K, committed 78208K, reserved 458752K
  class space    used 10516K, committed 11008K, reserved 327680K
}
Event: 656.281 GC heap before
{Heap before GC invocations=17 (full 0):
 garbage-first heap   total 262144K, used 210813K [0x00000000e0000000, 0x0000000100000000)
  region size 1024K, 142 young (145408K), 3 survivors (3072K)
 Metaspace       used 77327K, committed 78336K, reserved 458752K
  class space    used 10526K, committed 11008K, reserved 327680K
}
Event: 656.287 GC heap after
{Heap after GC invocations=18 (full 0):
 garbage-first heap   total 262144K, used 71952K [0x00000000e0000000, 0x0000000100000000)
  region size 1024K, 6 young (6144K), 6 survivors (6144K)
 Metaspace       used 77327K, committed 78336K, reserved 458752K
  class space    used 10526K, committed 11008K, reserved 327680K
}

